<?xml version="1.0" encoding="UTF-8" ?>
<testsuite tests="7" failures="2" name="TestSuite" time="8.849" errors="0" skipped="5">
  <properties>
    <property name="java.runtime.name" value="Java(TM) SE Runtime Environment"/>
    <property name="sun.boot.library.path" value="C:\Program Files\Java\jdk1.8.0_181\jre\bin"/>
    <property name="java.vm.version" value="25.181-b13"/>
    <property name="java.vm.vendor" value="Oracle Corporation"/>
    <property name="java.vendor.url" value="http://java.oracle.com/"/>
    <property name="path.separator" value=";"/>
    <property name="java.vm.name" value="Java HotSpot(TM) 64-Bit Server VM"/>
    <property name="file.encoding.pkg" value="sun.io"/>
    <property name="user.script" value=""/>
    <property name="user.country" value="CN"/>
    <property name="sun.java.launcher" value="SUN_STANDARD"/>
    <property name="sun.os.patch.level" value=""/>
    <property name="java.vm.specification.name" value="Java Virtual Machine Specification"/>
    <property name="user.dir" value="D:\IdeaProjects\AutoTest\Chapter13"/>
    <property name="java.runtime.version" value="1.8.0_181-b13"/>
    <property name="java.awt.graphicsenv" value="sun.awt.Win32GraphicsEnvironment"/>
    <property name="basedir" value="D:\IdeaProjects\AutoTest\Chapter13"/>
    <property name="java.endorsed.dirs" value="C:\Program Files\Java\jdk1.8.0_181\jre\lib\endorsed"/>
    <property name="os.arch" value="amd64"/>
    <property name="surefire.real.class.path" value="D:\IdeaProjects\AutoTest\Chapter13\target\surefire\surefirebooter315172381230307062.jar"/>
    <property name="java.io.tmpdir" value="C:\Users\T\AppData\Local\Temp\"/>
    <property name="line.separator" value="
"/>
    <property name="java.vm.specification.vendor" value="Oracle Corporation"/>
    <property name="user.variant" value=""/>
    <property name="os.name" value="Windows 10"/>
    <property name="sun.jnu.encoding" value="GBK"/>
    <property name="java.library.path" value="C:\Program Files\Java\jdk1.8.0_181\jre\bin;C:\WINDOWS\Sun\Java\bin;C:\WINDOWS\system32;C:\WINDOWS;C:\Program Files\Git\mingw64\bin;C:\Program Files\Git\usr\bin;C:\Users\T\bin;C:\Program Files (x86)\Common Files\Oracle\Java\javapath;E:\app\T\product\11.2.0\dbhome_1\bin;D:\Python27;D:\Python27\Scripts;C:\WINDOWS\system32;C:\WINDOWS;C:\WINDOWS\System32\Wbem;C:\WINDOWS\System32\WindowsPowerShell\v1.0;C:\Program Files\Java\jdk1.8.0_181\bin;C:\Program Files\Java\jdk1.8.0_181\jre&quot;;C:\Program Files\MySQL\MySQL Server 5.5\bin;C:\strawberry\c\bin;C:\strawberry\perl\bin;C:\WINDOWS\System32\WindowsPowerShell\v1.0;C:\WINDOWS\System32\OpenSSH;C:\Program Files\Git\cmd;E:\apache-jmeter-4.0\bin;D:\MySQL\MySQL Server 5.5\bin;C:\Program Files\Java\jdk1.8.0_181\bi;C:\Program Files\Java\jdk1.8.0_181\jre\bin&quot;;F:\maven\apache-maven-3.3.9\bin;F:\apache-ant-1.9.14\bin;C:\Users\T\AppData\Local\Microsoft\WindowsApps;."/>
    <property name="surefire.test.class.path" value="D:\IdeaProjects\AutoTest\Chapter13\target\test-classes;D:\IdeaProjects\AutoTest\Chapter13\target\classes;F:\maven\repository\org\apache\httpcomponents\httpclient\4.1.2\httpclient-4.1.2.jar;F:\maven\repository\org\apache\httpcomponents\httpcore\4.4.11\httpcore-4.4.11.jar;F:\maven\repository\commons-codec\commons-codec\1.11\commons-codec-1.11.jar;F:\maven\repository\org\json\json\20180813\json-20180813.jar;F:\maven\repository\org\mybatis\mybatis\3.5.1\mybatis-3.5.1.jar;F:\maven\repository\mysql\mysql-connector-java\5.1.47\mysql-connector-java-5.1.47.jar;F:\maven\repository\org\projectlombok\lombok\1.18.6\lombok-1.18.6.jar;F:\maven\repository\com\relevantcodes\extentreports\2.41.2\extentreports-2.41.2.jar;F:\maven\repository\org\jsoup\jsoup\1.8.3\jsoup-1.8.3.jar;F:\maven\repository\org\xerial\sqlite-jdbc\3.25.2\sqlite-jdbc-3.25.2.jar;F:\maven\repository\org\freemarker\freemarker\2.3.28\freemarker-2.3.28.jar;F:\maven\repository\org\mongodb\mongodb-driver\3.8.2\mongodb-driver-3.8.2.jar;F:\maven\repository\org\mongodb\bson\3.8.2\bson-3.8.2.jar;F:\maven\repository\org\mongodb\mongodb-driver-core\3.8.2\mongodb-driver-core-3.8.2.jar;F:\maven\repository\com\vimalselvam\testng-extentsreport\1.3.1\testng-extentsreport-1.3.1.jar;F:\maven\repository\com\google\guava\guava\20.0\guava-20.0.jar;F:\maven\repository\com\aventstack\extentreports\3.1.4\extentreports-3.1.4.jar;F:\maven\repository\org\apache\httpcomponents\httpmime\4.5.8\httpmime-4.5.8.jar;F:\maven\repository\com\google\code\gson\gson\2.8.5\gson-2.8.5.jar;F:\maven\repository\org\testng\testng\6.10\testng-6.10.jar;F:\maven\repository\com\beust\jcommander\1.48\jcommander-1.48.jar;F:\maven\repository\commons-logging\commons-logging\1.2\commons-logging-1.2.jar;"/>
    <property name="java.specification.name" value="Java Platform API Specification"/>
    <property name="java.class.version" value="52.0"/>
    <property name="sun.management.compiler" value="HotSpot 64-Bit Tiered Compilers"/>
    <property name="os.version" value="10.0"/>
    <property name="user.home" value="C:\Users\T"/>
    <property name="user.timezone" value="Asia/Shanghai"/>
    <property name="java.awt.printerjob" value="sun.awt.windows.WPrinterJob"/>
    <property name="java.specification.version" value="1.8"/>
    <property name="file.encoding" value="GBK"/>
    <property name="user.name" value="T"/>
    <property name="java.class.path" value="D:\IdeaProjects\AutoTest\Chapter13\target\test-classes;D:\IdeaProjects\AutoTest\Chapter13\target\classes;F:\maven\repository\org\apache\httpcomponents\httpclient\4.1.2\httpclient-4.1.2.jar;F:\maven\repository\org\apache\httpcomponents\httpcore\4.4.11\httpcore-4.4.11.jar;F:\maven\repository\commons-codec\commons-codec\1.11\commons-codec-1.11.jar;F:\maven\repository\org\json\json\20180813\json-20180813.jar;F:\maven\repository\org\mybatis\mybatis\3.5.1\mybatis-3.5.1.jar;F:\maven\repository\mysql\mysql-connector-java\5.1.47\mysql-connector-java-5.1.47.jar;F:\maven\repository\org\projectlombok\lombok\1.18.6\lombok-1.18.6.jar;F:\maven\repository\com\relevantcodes\extentreports\2.41.2\extentreports-2.41.2.jar;F:\maven\repository\org\jsoup\jsoup\1.8.3\jsoup-1.8.3.jar;F:\maven\repository\org\xerial\sqlite-jdbc\3.25.2\sqlite-jdbc-3.25.2.jar;F:\maven\repository\org\freemarker\freemarker\2.3.28\freemarker-2.3.28.jar;F:\maven\repository\org\mongodb\mongodb-driver\3.8.2\mongodb-driver-3.8.2.jar;F:\maven\repository\org\mongodb\bson\3.8.2\bson-3.8.2.jar;F:\maven\repository\org\mongodb\mongodb-driver-core\3.8.2\mongodb-driver-core-3.8.2.jar;F:\maven\repository\com\vimalselvam\testng-extentsreport\1.3.1\testng-extentsreport-1.3.1.jar;F:\maven\repository\com\google\guava\guava\20.0\guava-20.0.jar;F:\maven\repository\com\aventstack\extentreports\3.1.4\extentreports-3.1.4.jar;F:\maven\repository\org\apache\httpcomponents\httpmime\4.5.8\httpmime-4.5.8.jar;F:\maven\repository\com\google\code\gson\gson\2.8.5\gson-2.8.5.jar;F:\maven\repository\org\testng\testng\6.10\testng-6.10.jar;F:\maven\repository\com\beust\jcommander\1.48\jcommander-1.48.jar;F:\maven\repository\commons-logging\commons-logging\1.2\commons-logging-1.2.jar;"/>
    <property name="java.vm.specification.version" value="1.8"/>
    <property name="sun.arch.data.model" value="64"/>
    <property name="java.home" value="C:\Program Files\Java\jdk1.8.0_181\jre"/>
    <property name="sun.java.command" value="D:\IdeaProjects\AutoTest\Chapter13\target\surefire\surefirebooter315172381230307062.jar D:\IdeaProjects\AutoTest\Chapter13\target\surefire\surefire9048542570728162836tmp D:\IdeaProjects\AutoTest\Chapter13\target\surefire\surefire1339192390695399013tmp"/>
    <property name="java.specification.vendor" value="Oracle Corporation"/>
    <property name="user.language" value="zh"/>
    <property name="awt.toolkit" value="sun.awt.windows.WToolkit"/>
    <property name="java.vm.info" value="mixed mode"/>
    <property name="java.version" value="1.8.0_181"/>
    <property name="java.ext.dirs" value="C:\Program Files\Java\jdk1.8.0_181\jre\lib\ext;C:\WINDOWS\Sun\Java\lib\ext"/>
    <property name="sun.boot.class.path" value="C:\Program Files\Java\jdk1.8.0_181\jre\lib\resources.jar;C:\Program Files\Java\jdk1.8.0_181\jre\lib\rt.jar;C:\Program Files\Java\jdk1.8.0_181\jre\lib\sunrsasign.jar;C:\Program Files\Java\jdk1.8.0_181\jre\lib\jsse.jar;C:\Program Files\Java\jdk1.8.0_181\jre\lib\jce.jar;C:\Program Files\Java\jdk1.8.0_181\jre\lib\charsets.jar;C:\Program Files\Java\jdk1.8.0_181\jre\lib\jfr.jar;C:\Program Files\Java\jdk1.8.0_181\jre\classes"/>
    <property name="java.vendor" value="Oracle Corporation"/>
    <property name="localRepository" value="F:\maven\repository"/>
    <property name="file.separator" value="\"/>
    <property name="java.vendor.url.bug" value="http://bugreport.sun.com/bugreport/"/>
    <property name="sun.cpu.endian" value="little"/>
    <property name="sun.io.unicode.encoding" value="UnicodeLittle"/>
    <property name="sun.desktop" value="windows"/>
    <property name="sun.cpu.isalist" value="amd64"/>
  </properties>
  <testcase classname="com.course.cases.LoginTest" name="loginTrue" time="4.342">
    <failure message="Connection to http://localhost:8888 refused" type="org.apache.http.conn.HttpHostConnectException">org.apache.http.conn.HttpHostConnectException: Connection to http://localhost:8888 refused
	at org.apache.http.impl.conn.DefaultClientConnectionOperator.openConnection(DefaultClientConnectionOperator.java:158)
	at org.apache.http.impl.conn.AbstractPoolEntry.open(AbstractPoolEntry.java:149)
	at org.apache.http.impl.conn.AbstractPooledConnAdapter.open(AbstractPooledConnAdapter.java:121)
	at org.apache.http.impl.client.DefaultRequestDirector.tryConnect(DefaultRequestDirector.java:573)
	at org.apache.http.impl.client.DefaultRequestDirector.execute(DefaultRequestDirector.java:425)
	at org.apache.http.impl.client.AbstractHttpClient.execute(AbstractHttpClient.java:820)
	at org.apache.http.impl.client.AbstractHttpClient.execute(AbstractHttpClient.java:754)
	at org.apache.http.impl.client.AbstractHttpClient.execute(AbstractHttpClient.java:732)
	at com.course.cases.LoginTest.getResult(LoginTest.java:88)
	at com.course.cases.LoginTest.loginTrue(LoginTest.java:44)
Caused by: java.net.ConnectException: Connection refused: connect
	at java.net.DualStackPlainSocketImpl.connect0(Native Method)
	at java.net.DualStackPlainSocketImpl.socketConnect(DualStackPlainSocketImpl.java:79)
	at java.net.AbstractPlainSocketImpl.doConnect(AbstractPlainSocketImpl.java:350)
	at java.net.AbstractPlainSocketImpl.connectToAddress(AbstractPlainSocketImpl.java:206)
	at java.net.AbstractPlainSocketImpl.connect(AbstractPlainSocketImpl.java:188)
	at java.net.PlainSocketImpl.connect(PlainSocketImpl.java:172)
	at java.net.SocksSocketImpl.connect(SocksSocketImpl.java:392)
	at java.net.Socket.connect(Socket.java:589)
	at org.apache.http.conn.scheme.PlainSocketFactory.connectSocket(PlainSocketFactory.java:123)
	at org.apache.http.impl.conn.DefaultClientConnectionOperator.openConnection(DefaultClientConnectionOperator.java:148)
	... 43 more
</failure>
    <system-out>@HL
@HL-------------------------------------------------------
@HL T E S T S
@HL-------------------------------------------------------
@SLRunning TestSuite
[TestNGContentHandler] [WARN] It is strongly recommended to add &quot;&lt;!DOCTYPE suite SYSTEM &quot;http://testng.org/testng-1.0.dtd&quot; &gt;&quot; at the top of your file, otherwise TestNG may fail or not work as expected.
{id:1, username:zhangsan, password:123456, expected:true}
http://localhost:8888/v1/login
111
{&quot;password&quot;:&quot;123456&quot;,&quot;userName&quot;:&quot;zhangsan&quot;}
</system-out>
  </testcase>
  <testcase classname="com.course.cases.LoginTest" name="loginFalse" time="2.057">
    <failure message="Connection to http://localhost:8888 refused" type="org.apache.http.conn.HttpHostConnectException">org.apache.http.conn.HttpHostConnectException: Connection to http://localhost:8888 refused
	at org.apache.http.impl.conn.DefaultClientConnectionOperator.openConnection(DefaultClientConnectionOperator.java:158)
	at org.apache.http.impl.conn.AbstractPoolEntry.open(AbstractPoolEntry.java:149)
	at org.apache.http.impl.conn.AbstractPooledConnAdapter.open(AbstractPooledConnAdapter.java:121)
	at org.apache.http.impl.client.DefaultRequestDirector.tryConnect(DefaultRequestDirector.java:573)
	at org.apache.http.impl.client.DefaultRequestDirector.execute(DefaultRequestDirector.java:425)
	at org.apache.http.impl.client.AbstractHttpClient.execute(AbstractHttpClient.java:820)
	at org.apache.http.impl.client.AbstractHttpClient.execute(AbstractHttpClient.java:754)
	at org.apache.http.impl.client.AbstractHttpClient.execute(AbstractHttpClient.java:732)
	at com.course.cases.LoginTest.getResult(LoginTest.java:88)
	at com.course.cases.LoginTest.loginFalse(LoginTest.java:68)
Caused by: java.net.ConnectException: Connection refused: connect
	at java.net.DualStackPlainSocketImpl.connect0(Native Method)
	at java.net.DualStackPlainSocketImpl.socketConnect(DualStackPlainSocketImpl.java:79)
	at java.net.AbstractPlainSocketImpl.doConnect(AbstractPlainSocketImpl.java:350)
	at java.net.AbstractPlainSocketImpl.connectToAddress(AbstractPlainSocketImpl.java:206)
	at java.net.AbstractPlainSocketImpl.connect(AbstractPlainSocketImpl.java:188)
	at java.net.PlainSocketImpl.connect(PlainSocketImpl.java:172)
	at java.net.SocksSocketImpl.connect(SocksSocketImpl.java:392)
	at java.net.Socket.connect(Socket.java:589)
	at org.apache.http.conn.scheme.PlainSocketFactory.connectSocket(PlainSocketFactory.java:123)
	at org.apache.http.impl.conn.DefaultClientConnectionOperator.openConnection(DefaultClientConnectionOperator.java:148)
	... 43 more
</failure>
    <system-out>{id:2, username:zhangsanerror, password:123, expected:false}
http://localhost:8888/v1/login
111
{&quot;password&quot;:&quot;123&quot;,&quot;userName&quot;:&quot;zhangsanerror&quot;}
</system-out>
  </testcase>
  <testcase classname="com.course.cases.AddUserTest" name="addUser" time="2.059">
    <skipped/>
  </testcase>
  <testcase classname="com.course.cases.GetUserInfoTest" name="getUserInfo" time="2.06">
    <skipped/>
  </testcase>
  <testcase classname="com.course.cases.GetUserListTest" name="getUserList" time="2.06">
    <skipped/>
  </testcase>
  <testcase classname="com.course.cases.UpdateUserInfoTest" name="updateUser" time="2.06">
    <skipped/>
  </testcase>
  <testcase classname="com.course.cases.UpdateUserInfoTest" name="deleteUser" time="2.06">
    <skipped/>
  </testcase>
</testsuite>