<?xml version="1.0" encoding="UTF-8"?>
<!-- Generated by org.testng.reporters.JUnitReportReporter -->
<testsuite name="com.course.cases.UpdateUserInfoTest" tests="2" time="0.000" ignored="0" failures="0" timestamp="15 五月 2019 04:49:07 GMT" skipped="2" hostname="DESKTOP-49BK4I2" errors="0">
  <testcase name="deleteUser" time="0.000" classname="com.course.cases.UpdateUserInfoTest">
    <skipped/>
  </testcase> <!-- deleteUser -->
  <testcase name="updateUser" time="0.000" classname="com.course.cases.UpdateUserInfoTest">
    <skipped/>
  </testcase> <!-- updateUser -->
</testsuite> <!-- com.course.cases.UpdateUserInfoTest -->
